<?xml version="1.0" encoding="UTF-8"?>
<!-- Generated by org.testng.reporters.JUnitReportReporter -->
<testsuite skipped="0" hostname="L-BLR-15005340" name="com.samplePackage.SampleTest1" tests="1" failures="0" timestamp="31 May 2018 10:01:23 GMT" time="4.669" errors="0">
  <testcase name="testEasy" time="4.669" classname="com.samplePackage.SampleTest1"/>
</testsuite> <!-- com.samplePackage.SampleTest1 -->
